<?xml version="1.0" encoding="utf-8" ?>
<!DOCTYPE html PUBLIC "-//W3C//DTD XHTML 1.0 Strict//EN"
        "http://www.w3.org/TR/xhtml1/DTD/xhtml1-strict.dtd">
<html xmlns="http://www.w3.org/1999/xhtml" xml:lang="" lang="">
<head>
  <title>Test Results Report - 场地预约 </title>
  <meta http-equiv="Content-Type" content="text/html;charset=utf-8" />
  <meta name="description" content="TestNG unit test results." />
  <link href="reportng.css" rel="stylesheet" type="text/css" />
    <script type="text/javascript" src="reportng.js"></script>
</head>
<body>
<h1>场地预约 </h1>
<p>
  Test duration: 25.232s
</p>



  <table class="resultsTable">
    <tr><th colspan="3" class="header failed">Failed Tests</th></tr>
          <tr>
        <td colspan="3" class="group">test.publictest.PlaceOrderTest</td>
      </tr>
            
<tr>
  <td class="method">
                  orderOpen
      </td>
  <td class="duration">
    0.000s
  </td>
  <td class="result">
        
    
        

        <a href="javascript:toggleElement('exception-0', 'block')" title="Click to expand/collapse"><b>org.testng.TestNGException: <br/>
Parameter &apos;subPackage&apos; is required by @Test on method orderOpen but has not been marked @Optional or defined<br/>
in D:\Users\Administrator\workspace\haikouDemo\src\main\resources\testNG\fs\plan\jzxcs\ys\noppp\fs_jzxcs_ys_subpkgn.xml</b></a><br />
    <div class="stackTrace" id="exception-0">
              org.testng.internal.Parameters.createParameters(Parameters.java:199)<br />
              org.testng.internal.Parameters.createParameters(Parameters.java:443)<br />
              org.testng.internal.Parameters.handleParameters(Parameters.java:569)<br />
              org.testng.internal.Invoker.handleParameters(Invoker.java:1308)<br />
              org.testng.internal.Invoker.createParameters(Invoker.java:1036)<br />
              org.testng.internal.Invoker.invokeTestMethods(Invoker.java:1126)<br />
              org.testng.internal.TestMethodWorker.invokeTestMethods(TestMethodWorker.java:126)<br />
              org.testng.internal.TestMethodWorker.run(TestMethodWorker.java:109)<br />
              java.util.concurrent.ThreadPoolExecutor.runWorker(Unknown Source)<br />
              java.util.concurrent.ThreadPoolExecutor$Worker.run(Unknown Source)<br />
              java.lang.Thread.run(Unknown Source)<br />
                </div>
      </td>
</tr>
<tr>
  <td class="method">
                  orderevaluation
      </td>
  <td class="duration">
    0.000s
  </td>
  <td class="result">
        
    
        

        <a href="javascript:toggleElement('exception-1', 'block')" title="Click to expand/collapse"><b>org.testng.TestNGException: <br/>
Parameter &apos;subPackage&apos; is required by @Test on method orderevaluation but has not been marked @Optional or defined<br/>
in D:\Users\Administrator\workspace\haikouDemo\src\main\resources\testNG\fs\plan\jzxcs\ys\noppp\fs_jzxcs_ys_subpkgn.xml</b></a><br />
    <div class="stackTrace" id="exception-1">
              org.testng.internal.Parameters.createParameters(Parameters.java:199)<br />
              org.testng.internal.Parameters.createParameters(Parameters.java:443)<br />
              org.testng.internal.Parameters.handleParameters(Parameters.java:569)<br />
              org.testng.internal.Invoker.handleParameters(Invoker.java:1308)<br />
              org.testng.internal.Invoker.createParameters(Invoker.java:1036)<br />
              org.testng.internal.Invoker.invokeTestMethods(Invoker.java:1126)<br />
              org.testng.internal.TestMethodWorker.invokeTestMethods(TestMethodWorker.java:126)<br />
              org.testng.internal.TestMethodWorker.run(TestMethodWorker.java:109)<br />
              java.util.concurrent.ThreadPoolExecutor.runWorker(Unknown Source)<br />
              java.util.concurrent.ThreadPoolExecutor$Worker.run(Unknown Source)<br />
              java.lang.Thread.run(Unknown Source)<br />
                </div>
      </td>
</tr>
      </table>


  
</body>
</html>
