<?xml version="1.0" encoding="UTF-8"?>
<testsuite name="采购计划新增"
           tests="2"
           failures="1"
           errors="0"
           skipped="1"
           time="9.441">
  <properties />
            <testcase name="init" time="9.441" classname="test.publictest.InitTest">
                <failure type="org.springframework.beans.factory.NoSuchBeanDefinitionException"
                  message="No unique bean of type [page.publicpage.LoginPage] is defined: expected single bean but found 0: "
              >
<![CDATA[org.springframework.beans.factory.NoSuchBeanDefinitionException: No unique bean of type [page.publicpage.LoginPage] is defined: expected single bean but found 0: 
  org.springframework.beans.factory.support.DefaultListableBeanFactory.getBean(DefaultListableBeanFactory.java:271)
  org.springframework.context.support.AbstractApplicationContext.getBean(AbstractApplicationContext.java:1101)
  com.glodon.autotest.web.framework.settings.SettingUtil.parse(SettingUtil.java:463)
  com.glodon.autotest.web.framework.settings.SettingUtil.parse(SettingUtil.java:420)
  com.glodon.autotest.web.framework.settings.SettingUtil.read(SettingUtil.java:207)
  com.glodon.autotest.web.framework.settings.SettingUtil.readFromClassPath(SettingUtil.java:159)
  com.glodon.autotest.web.framework.settings.SettingUtil.parse(SettingUtil.java:386)
  com.glodon.autotest.web.framework.settings.SettingUtil.read(SettingUtil.java:207)
  com.glodon.autotest.web.framework.settings.SettingUtil.readFromClassPath(SettingUtil.java:159)
  test.publictest.InitTest.init(InitTest.java:20)
  sun.reflect.NativeMethodAccessorImpl.invoke0(Native Method)
  sun.reflect.NativeMethodAccessorImpl.invoke(Unknown Source)
  sun.reflect.DelegatingMethodAccessorImpl.invoke(Unknown Source)
  java.lang.reflect.Method.invoke(Unknown Source)
  org.testng.internal.MethodInvocationHelper.invokeMethod(MethodInvocationHelper.java:108)
  org.testng.internal.Invoker.invokeConfigurationMethod(Invoker.java:523)
  org.testng.internal.Invoker.invokeConfigurations(Invoker.java:224)
  org.testng.internal.Invoker.invokeConfigurations(Invoker.java:146)
  org.testng.TestRunner.beforeRun(TestRunner.java:626)
  org.testng.TestRunner.run(TestRunner.java:594)
  org.testng.SuiteRunner.runTest(SuiteRunner.java:380)
  org.testng.SuiteRunner.runSequentially(SuiteRunner.java:375)
  org.testng.SuiteRunner.privateRun(SuiteRunner.java:340)
  org.testng.SuiteRunner.run(SuiteRunner.java:289)
  org.testng.SuiteRunnerWorker.runSuite(SuiteRunnerWorker.java:52)
  org.testng.SuiteRunnerWorker.run(SuiteRunnerWorker.java:86)
  org.testng.TestNG.runSuitesSequentially(TestNG.java:1301)
  org.testng.TestNG.runSuitesLocally(TestNG.java:1226)
  org.testng.TestNG.runSuites(TestNG.java:1144)
  org.testng.TestNG.run(TestNG.java:1115)
  org.testng.remote.AbstractRemoteTestNG.run(AbstractRemoteTestNG.java:132)
  org.testng.remote.RemoteTestNG.initAndRun(RemoteTestNG.java:230)
  org.testng.remote.RemoteTestNG.main(RemoteTestNG.java:76)
]]>
      </failure>

          </testcase>
  
            <testcase name="login" time="0.0" classname="test.publictest.InitTest">
          <skipped />
    </testcase>
  
  
</testsuite>
