<?xml version="1.0" encoding="UTF-8"?>
<testsuite name="场地预约 "
           tests="2"
           failures="2"
           errors="0"
           skipped="0"
           time="0.000">
  <properties />
            <testcase name="orderOpen" time="0.000" classname="test.publictest.PlaceOrderTest">
                <failure type="org.testng.TestNGException"
                  message="
Parameter &apos;subPackage&apos; is required by @Test on method orderOpen but has not been marked @Optional or defined
in D:\Users\Administrator\workspace\haikouDemo\src\main\resources\testNG\fs\plan\jzxcs\ys\noppp\fs_jzxcs_ys_subpkgn.xml"
              >
<![CDATA[org.testng.TestNGException: 
Parameter 'subPackage' is required by @Test on method orderOpen but has not been marked @Optional or defined
in D:\Users\Administrator\workspace\haikouDemo\src\main\resources\testNG\fs\plan\jzxcs\ys\noppp\fs_jzxcs_ys_subpkgn.xml
  org.testng.internal.Parameters.createParameters(Parameters.java:199)
  org.testng.internal.Parameters.createParameters(Parameters.java:443)
  org.testng.internal.Parameters.handleParameters(Parameters.java:569)
  org.testng.internal.Invoker.handleParameters(Invoker.java:1308)
  org.testng.internal.Invoker.createParameters(Invoker.java:1036)
  org.testng.internal.Invoker.invokeTestMethods(Invoker.java:1126)
  org.testng.internal.TestMethodWorker.invokeTestMethods(TestMethodWorker.java:126)
  org.testng.internal.TestMethodWorker.run(TestMethodWorker.java:109)
  java.util.concurrent.ThreadPoolExecutor.runWorker(Unknown Source)
  java.util.concurrent.ThreadPoolExecutor$Worker.run(Unknown Source)
  java.lang.Thread.run(Unknown Source)
]]>
      </failure>

          </testcase>
            <testcase name="orderevaluation" time="0.000" classname="test.publictest.PlaceOrderTest">
                <failure type="org.testng.TestNGException"
                  message="
Parameter &apos;subPackage&apos; is required by @Test on method orderevaluation but has not been marked @Optional or defined
in D:\Users\Administrator\workspace\haikouDemo\src\main\resources\testNG\fs\plan\jzxcs\ys\noppp\fs_jzxcs_ys_subpkgn.xml"
              >
<![CDATA[org.testng.TestNGException: 
Parameter 'subPackage' is required by @Test on method orderevaluation but has not been marked @Optional or defined
in D:\Users\Administrator\workspace\haikouDemo\src\main\resources\testNG\fs\plan\jzxcs\ys\noppp\fs_jzxcs_ys_subpkgn.xml
  org.testng.internal.Parameters.createParameters(Parameters.java:199)
  org.testng.internal.Parameters.createParameters(Parameters.java:443)
  org.testng.internal.Parameters.handleParameters(Parameters.java:569)
  org.testng.internal.Invoker.handleParameters(Invoker.java:1308)
  org.testng.internal.Invoker.createParameters(Invoker.java:1036)
  org.testng.internal.Invoker.invokeTestMethods(Invoker.java:1126)
  org.testng.internal.TestMethodWorker.invokeTestMethods(TestMethodWorker.java:126)
  org.testng.internal.TestMethodWorker.run(TestMethodWorker.java:109)
  java.util.concurrent.ThreadPoolExecutor.runWorker(Unknown Source)
  java.util.concurrent.ThreadPoolExecutor$Worker.run(Unknown Source)
  java.lang.Thread.run(Unknown Source)
]]>
      </failure>

          </testcase>
  
  
  
</testsuite>
