<?xml version="1.0" encoding="UTF-8"?>
<!-- Generated by org.testng.reporters.JUnitReportReporter -->
<testsuite hostname="C9BD4J2" name="test.AnxinEFamilyTest" tests="1" failures="0" timestamp="8 May 2018 11:54:30 GMT" time="0.000" errors="1">
  <testcase name="basicFamily" time="0.000" classname="test.AnxinEFamilyTest">
    <error type="org.testng.TestNGException" message="
Parameter &#039;nameSelf&#039; is required by @Test on method basicFamily but has not been marked @Optional or defined
in D:\Users\Administrator\workspace\Baoku_Autotest\src\main\resources\testNG\anxinHospital.xml">
      <![CDATA[org.testng.TestNGException: 
Parameter 'nameSelf' is required by @Test on method basicFamily but has not been marked @Optional or defined
in D:\Users\Administrator\workspace\Baoku_Autotest\src\main\resources\testNG\anxinHospital.xml
	at org.testng.internal.Parameters.createParameters(Parameters.java:154)
	at org.testng.internal.Parameters.createParameters(Parameters.java:361)
	at org.testng.internal.Parameters.handleParameters(Parameters.java:451)
	at org.testng.internal.Invoker.handleParameters(Invoker.java:1270)
	at org.testng.internal.Invoker.createParameters(Invoker.java:985)
	at org.testng.internal.Invoker.invokeTestMethods(Invoker.java:1075)
	at org.testng.internal.TestMethodWorker.invokeTestMethods(TestMethodWorker.java:125)
	at org.testng.internal.TestMethodWorker.run(TestMethodWorker.java:108)
	at java.util.concurrent.ThreadPoolExecutor.runWorker(ThreadPoolExecutor.java:1149)
	at java.util.concurrent.ThreadPoolExecutor$Worker.run(ThreadPoolExecutor.java:624)
	at java.lang.Thread.run(Thread.java:748)
]]>
    </error>
  </testcase> <!-- basicFamily -->
</testsuite> <!-- test.AnxinEFamilyTest -->
